0:0:0:0:0:0:0:1%0 -  -  [03/Jan/2010:14:48:24 +0000] "GET /raffle/index.htm HTTP/1.1" 404 1284 "-" "Mozilla/5.0 (Macintosh; U; Intel Mac OS X 10_6_2; en-us) AppleWebKit/531.21.8 (KHTML, like Gecko) Version/4.0.4 Safari/531.21.10"
0:0:0:0:0:0:0:1%0 -  -  [03/Jan/2010:14:49:15 +0000] "GET /raffle/index.htm HTTP/1.1" 500 5527 "-" "Mozilla/5.0 (Macintosh; U; Intel Mac OS X 10_6_2; en-us) AppleWebKit/531.21.8 (KHTML, like Gecko) Version/4.0.4 Safari/531.21.10"
0:0:0:0:0:0:0:1%0 -  -  [03/Jan/2010:14:49:17 +0000] "GET /favicon.ico HTTP/1.1" 200 1150 "http://localhost:8080/raffle/index.htm" "Mozilla/5.0 (Macintosh; U; Intel Mac OS X 10_6_2; en-us) AppleWebKit/531.21.8 (KHTML, like Gecko) Version/4.0.4 Safari/531.21.10"
0:0:0:0:0:0:0:1%0 -  -  [03/Jan/2010:14:53:14 +0000] "GET /raffle/index.htm HTTP/1.1" 200 283 "-" "Mozilla/5.0 (Macintosh; U; Intel Mac OS X 10_6_2; en-us) AppleWebKit/531.21.8 (KHTML, like Gecko) Version/4.0.4 Safari/531.21.10"
0:0:0:0:0:0:0:1%0 -  -  [03/Jan/2010:14:53:16 +0000] "GET /favicon.ico HTTP/1.1" 200 1150 "http://localhost:8080/raffle/index.htm" "Mozilla/5.0 (Macintosh; U; Intel Mac OS X 10_6_2; en-us) AppleWebKit/531.21.8 (KHTML, like Gecko) Version/4.0.4 Safari/531.21.10"
0:0:0:0:0:0:0:1%0 -  -  [03/Jan/2010:14:53:27 +0000] "POST /raffle/index.htm HTTP/1.1" 404 1381 "http://localhost:8080/raffle/index.htm" "Mozilla/5.0 (Macintosh; U; Intel Mac OS X 10_6_2; en-us) AppleWebKit/531.21.8 (KHTML, like Gecko) Version/4.0.4 Safari/531.21.10"
0:0:0:0:0:0:0:1%0 -  -  [03/Jan/2010:15:22:23 +0000] "GET /raffle/index.htm HTTP/1.1" 200 283 "-" "Mozilla/5.0 (Macintosh; U; Intel Mac OS X 10_6_2; en-us) AppleWebKit/531.21.8 (KHTML, like Gecko) Version/4.0.4 Safari/531.21.10"
0:0:0:0:0:0:0:1%0 -  -  [03/Jan/2010:15:22:42 +0000] "POST /raffle/index.htm HTTP/1.1" 500 5644 "http://localhost:8080/raffle/index.htm" "Mozilla/5.0 (Macintosh; U; Intel Mac OS X 10_6_2; en-us) AppleWebKit/531.21.8 (KHTML, like Gecko) Version/4.0.4 Safari/531.21.10"
0:0:0:0:0:0:0:1%0 -  -  [03/Jan/2010:15:24:57 +0000] "GET /raffle/index.htm HTTP/1.1" 200 342 "-" "Mozilla/5.0 (Macintosh; U; Intel Mac OS X 10_6_2; en-us) AppleWebKit/531.21.8 (KHTML, like Gecko) Version/4.0.4 Safari/531.21.10"
0:0:0:0:0:0:0:1%0 -  -  [03/Jan/2010:15:25:04 +0000] "POST /raffle/findEntries.htm HTTP/1.1" 404 1387 "http://localhost:8080/raffle/index.htm" "Mozilla/5.0 (Macintosh; U; Intel Mac OS X 10_6_2; en-us) AppleWebKit/531.21.8 (KHTML, like Gecko) Version/4.0.4 Safari/531.21.10"
0:0:0:0:0:0:0:1%0 -  -  [03/Jan/2010:15:39:01 +0000] "GET /raffle/index.htm HTTP/1.1" 200 341 "-" "Mozilla/5.0 (Macintosh; U; Intel Mac OS X 10_6_2; en-us) AppleWebKit/531.21.8 (KHTML, like Gecko) Version/4.0.4 Safari/531.21.10"
0:0:0:0:0:0:0:1%0 -  -  [03/Jan/2010:15:39:04 +0000] "POST /raffle/raffle.htm HTTP/1.1" 200 414 "http://localhost:8080/raffle/index.htm" "Mozilla/5.0 (Macintosh; U; Intel Mac OS X 10_6_2; en-us) AppleWebKit/531.21.8 (KHTML, like Gecko) Version/4.0.4 Safari/531.21.10"
0:0:0:0:0:0:0:1%0 -  -  [03/Jan/2010:15:39:16 +0000] "POST /raffle/entries.htm HTTP/1.1" 200 394 "http://localhost:8080/raffle/raffle.htm" "Mozilla/5.0 (Macintosh; U; Intel Mac OS X 10_6_2; en-us) AppleWebKit/531.21.8 (KHTML, like Gecko) Version/4.0.4 Safari/531.21.10"
0:0:0:0:0:0:0:1%0 -  -  [03/Jan/2010:15:42:40 +0000] "GET /cimWeb HTTP/1.1" 404 1274 "-" "Mozilla/5.0 (Macintosh; U; Intel Mac OS X 10_6_2; en-us) AppleWebKit/531.21.8 (KHTML, like Gecko) Version/4.0.4 Safari/531.21.10"
0:0:0:0:0:0:0:1%0 -  -  [03/Jan/2010:15:47:44 +0000] "GET /raffle/index.htm HTTP/1.1" 200 341 "-" "Mozilla/5.0 (Macintosh; U; Intel Mac OS X 10_6_2; en-us) AppleWebKit/531.21.8 (KHTML, like Gecko) Version/4.0.4 Safari/531.21.10"
0:0:0:0:0:0:0:1%0 -  -  [03/Jan/2010:15:47:48 +0000] "POST /raffle/raffle.htm HTTP/1.1" 500 6120 "http://localhost:8080/raffle/index.htm" "Mozilla/5.0 (Macintosh; U; Intel Mac OS X 10_6_2; en-us) AppleWebKit/531.21.8 (KHTML, like Gecko) Version/4.0.4 Safari/531.21.10"
0:0:0:0:0:0:0:1%0 -  -  [03/Jan/2010:15:49:26 +0000] "GET /raffle/index.htm HTTP/1.1" 200 341 "-" "Mozilla/5.0 (Macintosh; U; Intel Mac OS X 10_6_2; en-us) AppleWebKit/531.21.8 (KHTML, like Gecko) Version/4.0.4 Safari/531.21.10"
0:0:0:0:0:0:0:1%0 -  -  [03/Jan/2010:15:49:28 +0000] "POST /raffle/raffle.htm HTTP/1.1" 200 418 "http://localhost:8080/raffle/index.htm" "Mozilla/5.0 (Macintosh; U; Intel Mac OS X 10_6_2; en-us) AppleWebKit/531.21.8 (KHTML, like Gecko) Version/4.0.4 Safari/531.21.10"
0:0:0:0:0:0:0:1%0 -  -  [03/Jan/2010:15:49:42 +0000] "POST /raffle/entries.htm HTTP/1.1" 200 464 "http://localhost:8080/raffle/raffle.htm" "Mozilla/5.0 (Macintosh; U; Intel Mac OS X 10_6_2; en-us) AppleWebKit/531.21.8 (KHTML, like Gecko) Version/4.0.4 Safari/531.21.10"
0:0:0:0:0:0:0:1%0 -  -  [03/Jan/2010:15:49:54 +0000] "POST /raffle/entries.htm HTTP/1.1" 200 467 "http://localhost:8080/raffle/entries.htm" "Mozilla/5.0 (Macintosh; U; Intel Mac OS X 10_6_2; en-us) AppleWebKit/531.21.8 (KHTML, like Gecko) Version/4.0.4 Safari/531.21.10"
0:0:0:0:0:0:0:1%0 -  -  [03/Jan/2010:16:22:27 +0000] "GET /raffle/index.htm HTTP/1.1" 200 341 "-" "Mozilla/5.0 (Macintosh; U; Intel Mac OS X 10_6_2; en-us) AppleWebKit/531.21.8 (KHTML, like Gecko) Version/4.0.4 Safari/531.21.10"
0:0:0:0:0:0:0:1%0 -  -  [03/Jan/2010:16:22:30 +0000] "POST /raffle/raffle.htm HTTP/1.1" 200 418 "http://localhost:8080/raffle/index.htm" "Mozilla/5.0 (Macintosh; U; Intel Mac OS X 10_6_2; en-us) AppleWebKit/531.21.8 (KHTML, like Gecko) Version/4.0.4 Safari/531.21.10"
0:0:0:0:0:0:0:1%0 -  -  [03/Jan/2010:16:22:47 +0000] "GET /raffle/pickWinners.htm HTTP/1.1" 404 1387 "-" "Mozilla/5.0 (Macintosh; U; Intel Mac OS X 10_6_2; en-us) AppleWebKit/531.21.8 (KHTML, like Gecko) Version/4.0.4 Safari/531.21.10"
0:0:0:0:0:0:0:1%0 -  -  [03/Jan/2010:16:22:52 +0000] "GET /raffle/winners.htm HTTP/1.1" 200 363 "-" "Mozilla/5.0 (Macintosh; U; Intel Mac OS X 10_6_2; en-us) AppleWebKit/531.21.8 (KHTML, like Gecko) Version/4.0.4 Safari/531.21.10"
0:0:0:0:0:0:0:1%0 -  -  [03/Jan/2010:16:22:56 +0000] "POST /raffle/raffle.htm HTTP/1.1" 200 418 "http://localhost:8080/raffle/winners.htm" "Mozilla/5.0 (Macintosh; U; Intel Mac OS X 10_6_2; en-us) AppleWebKit/531.21.8 (KHTML, like Gecko) Version/4.0.4 Safari/531.21.10"
0:0:0:0:0:0:0:1%0 -  -  [03/Jan/2010:16:24:54 +0000] "GET /raffle/index.htm HTTP/1.1" 200 341 "-" "Mozilla/5.0 (Macintosh; U; Intel Mac OS X 10_6_2; en-us) AppleWebKit/531.21.8 (KHTML, like Gecko) Version/4.0.4 Safari/531.21.10"
0:0:0:0:0:0:0:1%0 -  -  [03/Jan/2010:16:25:01 +0000] "GET /raffle/pickWinners.htm HTTP/1.1" 404 1387 "-" "Mozilla/5.0 (Macintosh; U; Intel Mac OS X 10_6_2; en-us) AppleWebKit/531.21.8 (KHTML, like Gecko) Version/4.0.4 Safari/531.21.10"
0:0:0:0:0:0:0:1%0 -  -  [03/Jan/2010:16:25:06 +0000] "GET /raffle/winners.htm HTTP/1.1" 200 364 "-" "Mozilla/5.0 (Macintosh; U; Intel Mac OS X 10_6_2; en-us) AppleWebKit/531.21.8 (KHTML, like Gecko) Version/4.0.4 Safari/531.21.10"
0:0:0:0:0:0:0:1%0 -  -  [03/Jan/2010:16:25:09 +0000] "POST /raffle/winners.htm HTTP/1.1" 200 197 "http://localhost:8080/raffle/winners.htm" "Mozilla/5.0 (Macintosh; U; Intel Mac OS X 10_6_2; en-us) AppleWebKit/531.21.8 (KHTML, like Gecko) Version/4.0.4 Safari/531.21.10"
0:0:0:0:0:0:0:1%0 -  -  [03/Jan/2010:16:33:41 +0000] "GET /raffle/winners.htm HTTP/1.1" 200 364 "-" "Mozilla/5.0 (Macintosh; U; Intel Mac OS X 10_6_2; en-us) AppleWebKit/531.21.8 (KHTML, like Gecko) Version/4.0.4 Safari/531.21.10"
0:0:0:0:0:0:0:1%0 -  -  [03/Jan/2010:16:33:46 +0000] "POST /raffle/winners.htm HTTP/1.1" 200 197 "http://localhost:8080/raffle/winners.htm" "Mozilla/5.0 (Macintosh; U; Intel Mac OS X 10_6_2; en-us) AppleWebKit/531.21.8 (KHTML, like Gecko) Version/4.0.4 Safari/531.21.10"
0:0:0:0:0:0:0:1%0 -  -  [03/Jan/2010:16:50:13 +0000] "GET /raffle/winners.htm HTTP/1.1" 200 313 "-" "Mozilla/5.0 (Macintosh; U; Intel Mac OS X 10_6_2; en-us) AppleWebKit/531.21.8 (KHTML, like Gecko) Version/4.0.4 Safari/531.21.10"
0:0:0:0:0:0:0:1%0 -  -  [03/Jan/2010:16:50:28 +0000] "GET /raffle/index.htm HTTP/1.1" 200 283 "-" "Mozilla/5.0 (Macintosh; U; Intel Mac OS X 10_6_2; en-us) AppleWebKit/531.21.8 (KHTML, like Gecko) Version/4.0.4 Safari/531.21.10"
0:0:0:0:0:0:0:1%0 -  -  [03/Jan/2010:16:50:32 +0000] "POST /raffle/index.htm HTTP/1.1" 200 405 "http://localhost:8080/raffle/index.htm" "Mozilla/5.0 (Macintosh; U; Intel Mac OS X 10_6_2; en-us) AppleWebKit/531.21.8 (KHTML, like Gecko) Version/4.0.4 Safari/531.21.10"
0:0:0:0:0:0:0:1%0 -  -  [03/Jan/2010:16:50:38 +0000] "POST /raffle/entries.htm HTTP/1.1" 200 455 "http://localhost:8080/raffle/index.htm" "Mozilla/5.0 (Macintosh; U; Intel Mac OS X 10_6_2; en-us) AppleWebKit/531.21.8 (KHTML, like Gecko) Version/4.0.4 Safari/531.21.10"
0:0:0:0:0:0:0:1%0 -  -  [03/Jan/2010:16:50:44 +0000] "POST /raffle/entries.htm HTTP/1.1" 200 454 "http://localhost:8080/raffle/entries.htm" "Mozilla/5.0 (Macintosh; U; Intel Mac OS X 10_6_2; en-us) AppleWebKit/531.21.8 (KHTML, like Gecko) Version/4.0.4 Safari/531.21.10"
0:0:0:0:0:0:0:1%0 -  -  [03/Jan/2010:16:50:53 +0000] "POST /raffle/entries.htm HTTP/1.1" 200 451 "http://localhost:8080/raffle/entries.htm" "Mozilla/5.0 (Macintosh; U; Intel Mac OS X 10_6_2; en-us) AppleWebKit/531.21.8 (KHTML, like Gecko) Version/4.0.4 Safari/531.21.10"
0:0:0:0:0:0:0:1%0 -  -  [03/Jan/2010:16:51:27 +0000] "GET /raffle/winners.htm HTTP/1.1" 200 351 "-" "Mozilla/5.0 (Macintosh; U; Intel Mac OS X 10_6_2; en-us) AppleWebKit/531.21.8 (KHTML, like Gecko) Version/4.0.4 Safari/531.21.10"
0:0:0:0:0:0:0:1%0 -  -  [03/Jan/2010:16:51:30 +0000] "POST /raffle/winners.htm HTTP/1.1" 200 197 "http://localhost:8080/raffle/winners.htm" "Mozilla/5.0 (Macintosh; U; Intel Mac OS X 10_6_2; en-us) AppleWebKit/531.21.8 (KHTML, like Gecko) Version/4.0.4 Safari/531.21.10"
0:0:0:0:0:0:0:1%0 -  -  [03/Jan/2010:16:58:07 +0000] "GET /raffle/index.htm HTTP/1.1" 200 328 "-" "Mozilla/5.0 (Macintosh; U; Intel Mac OS X 10_6_2; en-us) AppleWebKit/531.21.8 (KHTML, like Gecko) Version/4.0.4 Safari/531.21.10"
0:0:0:0:0:0:0:1%0 -  -  [03/Jan/2010:16:58:12 +0000] "POST /raffle/raffle.htm HTTP/1.1" 200 405 "http://localhost:8080/raffle/index.htm" "Mozilla/5.0 (Macintosh; U; Intel Mac OS X 10_6_2; en-us) AppleWebKit/531.21.8 (KHTML, like Gecko) Version/4.0.4 Safari/531.21.10"
0:0:0:0:0:0:0:1%0 -  -  [03/Jan/2010:16:58:16 +0000] "GET /raffle/winners.htm HTTP/1.1" 200 351 "-" "Mozilla/5.0 (Macintosh; U; Intel Mac OS X 10_6_2; en-us) AppleWebKit/531.21.8 (KHTML, like Gecko) Version/4.0.4 Safari/531.21.10"
0:0:0:0:0:0:0:1%0 -  -  [03/Jan/2010:16:58:19 +0000] "POST /raffle/winners.htm HTTP/1.1" 200 245 "http://localhost:8080/raffle/winners.htm" "Mozilla/5.0 (Macintosh; U; Intel Mac OS X 10_6_2; en-us) AppleWebKit/531.21.8 (KHTML, like Gecko) Version/4.0.4 Safari/531.21.10"
0:0:0:0:0:0:0:1%0 -  -  [03/Jan/2010:17:03:51 +0000] "POST /raffle/winners.htm HTTP/1.1" 200 265 "http://localhost:8080/raffle/winners.htm" "Mozilla/5.0 (Macintosh; U; Intel Mac OS X 10_6_2; en-us) AppleWebKit/531.21.8 (KHTML, like Gecko) Version/4.0.4 Safari/531.21.10"
0:0:0:0:0:0:0:1%0 -  -  [03/Jan/2010:17:03:53 +0000] "GET /favicon.ico HTTP/1.1" 200 1150 "http://localhost:8080/raffle/winners.htm" "Mozilla/5.0 (Macintosh; U; Intel Mac OS X 10_6_2; en-us) AppleWebKit/531.21.8 (KHTML, like Gecko) Version/4.0.4 Safari/531.21.10"
0:0:0:0:0:0:0:1%0 -  -  [03/Jan/2010:17:03:56 +0000] "GET /raffle/index.htm HTTP/1.1" 200 328 "http://localhost:8080/raffle/winners.htm" "Mozilla/5.0 (Macintosh; U; Intel Mac OS X 10_6_2; en-us) AppleWebKit/531.21.8 (KHTML, like Gecko) Version/4.0.4 Safari/531.21.10"
0:0:0:0:0:0:0:1%0 -  -  [03/Jan/2010:17:40:22 +0000] "GET /raffle/index.htm HTTP/1.1" 200 283 "-" "Mozilla/5.0 (Macintosh; U; Intel Mac OS X 10_6_2; en-us) AppleWebKit/531.21.8 (KHTML, like Gecko) Version/4.0.4 Safari/531.21.10"
0:0:0:0:0:0:0:1%0 -  -  [03/Jan/2010:17:40:28 +0000] "POST /raffle/index.htm HTTP/1.1" 200 406 "http://localhost:8080/raffle/index.htm" "Mozilla/5.0 (Macintosh; U; Intel Mac OS X 10_6_2; en-us) AppleWebKit/531.21.8 (KHTML, like Gecko) Version/4.0.4 Safari/531.21.10"
0:0:0:0:0:0:0:1%0 -  -  [03/Jan/2010:17:40:40 +0000] "POST /raffle/entries.htm HTTP/1.1" 200 456 "http://localhost:8080/raffle/index.htm" "Mozilla/5.0 (Macintosh; U; Intel Mac OS X 10_6_2; en-us) AppleWebKit/531.21.8 (KHTML, like Gecko) Version/4.0.4 Safari/531.21.10"
0:0:0:0:0:0:0:1%0 -  -  [03/Jan/2010:17:40:52 +0000] "POST /raffle/entries.htm HTTP/1.1" 200 460 "http://localhost:8080/raffle/entries.htm" "Mozilla/5.0 (Macintosh; U; Intel Mac OS X 10_6_2; en-us) AppleWebKit/531.21.8 (KHTML, like Gecko) Version/4.0.4 Safari/531.21.10"
0:0:0:0:0:0:0:1%0 -  -  [03/Jan/2010:17:41:04 +0000] "POST /raffle/entries.htm HTTP/1.1" 200 456 "http://localhost:8080/raffle/entries.htm" "Mozilla/5.0 (Macintosh; U; Intel Mac OS X 10_6_2; en-us) AppleWebKit/531.21.8 (KHTML, like Gecko) Version/4.0.4 Safari/531.21.10"
0:0:0:0:0:0:0:1%0 -  -  [03/Jan/2010:17:41:13 +0000] "GET /raffle/winners.htm HTTP/1.1" 200 352 "-" "Mozilla/5.0 (Macintosh; U; Intel Mac OS X 10_6_2; en-us) AppleWebKit/531.21.8 (KHTML, like Gecko) Version/4.0.4 Safari/531.21.10"
0:0:0:0:0:0:0:1%0 -  -  [03/Jan/2010:17:41:16 +0000] "POST /raffle/winners.htm HTTP/1.1" 200 237 "http://localhost:8080/raffle/winners.htm" "Mozilla/5.0 (Macintosh; U; Intel Mac OS X 10_6_2; en-us) AppleWebKit/531.21.8 (KHTML, like Gecko) Version/4.0.4 Safari/531.21.10"
0:0:0:0:0:0:0:1%0 -  -  [03/Jan/2010:17:41:19 +0000] "GET /raffle/index.htm HTTP/1.1" 200 329 "http://localhost:8080/raffle/winners.htm" "Mozilla/5.0 (Macintosh; U; Intel Mac OS X 10_6_2; en-us) AppleWebKit/531.21.8 (KHTML, like Gecko) Version/4.0.4 Safari/531.21.10"
0:0:0:0:0:0:0:1%0 -  -  [03/Jan/2010:17:41:24 +0000] "POST /raffle/raffle.htm HTTP/1.1" 200 406 "http://localhost:8080/raffle/index.htm" "Mozilla/5.0 (Macintosh; U; Intel Mac OS X 10_6_2; en-us) AppleWebKit/531.21.8 (KHTML, like Gecko) Version/4.0.4 Safari/531.21.10"
