0:0:0:0:0:0:0:1%0 -  -  [08/Jan/2010:13:24:48 +0000] "GET /raffle/index.htm HTTP/1.1" 200 421 "-" "Mozilla/5.0 (Macintosh; U; Intel Mac OS X 10_6_2; en-us) AppleWebKit/531.21.8 (KHTML, like Gecko) Version/4.0.4 Safari/531.21.10"
0:0:0:0:0:0:0:1%0 -  -  [08/Jan/2010:13:24:51 +0000] "GET /raffle/css/raffle.css HTTP/1.1" 200 1833 "http://localhost:8080/raffle/index.htm" "Mozilla/5.0 (Macintosh; U; Intel Mac OS X 10_6_2; en-us) AppleWebKit/531.21.8 (KHTML, like Gecko) Version/4.0.4 Safari/531.21.10"
0:0:0:0:0:0:0:1%0 -  -  [08/Jan/2010:13:24:53 +0000] "POST /raffle/raffle.htm HTTP/1.1" 200 592 "http://localhost:8080/raffle/index.htm" "Mozilla/5.0 (Macintosh; U; Intel Mac OS X 10_6_2; en-us) AppleWebKit/531.21.8 (KHTML, like Gecko) Version/4.0.4 Safari/531.21.10"
0:0:0:0:0:0:0:1%0 -  -  [08/Jan/2010:13:31:00 +0000] "GET /raffle/index.htm HTTP/1.1" 200 421 "-" "Mozilla/5.0 (Macintosh; U; Intel Mac OS X 10_6_2; en-us) AppleWebKit/531.21.8 (KHTML, like Gecko) Version/4.0.4 Safari/531.21.10"
0:0:0:0:0:0:0:1%0 -  -  [08/Jan/2010:13:31:01 +0000] "GET /raffle/css/raffle.css HTTP/1.1" 200 1833 "http://localhost:8080/raffle/index.htm" "Mozilla/5.0 (Macintosh; U; Intel Mac OS X 10_6_2; en-us) AppleWebKit/531.21.8 (KHTML, like Gecko) Version/4.0.4 Safari/531.21.10"
0:0:0:0:0:0:0:1%0 -  -  [08/Jan/2010:13:31:03 +0000] "POST /raffle/raffle.htm HTTP/1.1" 200 622 "http://localhost:8080/raffle/index.htm" "Mozilla/5.0 (Macintosh; U; Intel Mac OS X 10_6_2; en-us) AppleWebKit/531.21.8 (KHTML, like Gecko) Version/4.0.4 Safari/531.21.10"
0:0:0:0:0:0:0:1%0 -  -  [08/Jan/2010:13:31:04 +0000] "GET /raffle/css/raffle.css HTTP/1.1" 304 0 "http://localhost:8080/raffle/raffle.htm" "Mozilla/5.0 (Macintosh; U; Intel Mac OS X 10_6_2; en-us) AppleWebKit/531.21.8 (KHTML, like Gecko) Version/4.0.4 Safari/531.21.10"
0:0:0:0:0:0:0:1%0 -  -  [08/Jan/2010:13:48:30 +0000] "GET /raffle/index.htm HTTP/1.1" 200 421 "-" "Mozilla/5.0 (Macintosh; U; Intel Mac OS X 10_6_2; en-us) AppleWebKit/531.21.8 (KHTML, like Gecko) Version/4.0.4 Safari/531.21.10"
0:0:0:0:0:0:0:1%0 -  -  [08/Jan/2010:13:48:32 +0000] "GET /raffle/css/raffle.css HTTP/1.1" 200 1833 "http://localhost:8080/raffle/index.htm" "Mozilla/5.0 (Macintosh; U; Intel Mac OS X 10_6_2; en-us) AppleWebKit/531.21.8 (KHTML, like Gecko) Version/4.0.4 Safari/531.21.10"
0:0:0:0:0:0:0:1%0 -  -  [08/Jan/2010:13:48:34 +0000] "POST /raffle/raffle.htm HTTP/1.1" 200 637 "http://localhost:8080/raffle/index.htm" "Mozilla/5.0 (Macintosh; U; Intel Mac OS X 10_6_2; en-us) AppleWebKit/531.21.8 (KHTML, like Gecko) Version/4.0.4 Safari/531.21.10"
0:0:0:0:0:0:0:1%0 -  -  [08/Jan/2010:13:48:49 +0000] "POST /raffle/entries.htm HTTP/1.1" 200 694 "http://localhost:8080/raffle/raffle.htm" "Mozilla/5.0 (Macintosh; U; Intel Mac OS X 10_6_2; en-us) AppleWebKit/531.21.8 (KHTML, like Gecko) Version/4.0.4 Safari/531.21.10"
0:0:0:0:0:0:0:1%0 -  -  [08/Jan/2010:13:48:49 +0000] "GET /raffle/css/raffle.css HTTP/1.1" 304 0 "http://localhost:8080/raffle/entries.htm" "Mozilla/5.0 (Macintosh; U; Intel Mac OS X 10_6_2; en-us) AppleWebKit/531.21.8 (KHTML, like Gecko) Version/4.0.4 Safari/531.21.10"
0:0:0:0:0:0:0:1%0 -  -  [08/Jan/2010:13:53:46 +0000] "GET /raffle/winners.htm HTTP/1.1" 200 465 "-" "Mozilla/5.0 (Macintosh; U; Intel Mac OS X 10_6_2; en-us) AppleWebKit/531.21.8 (KHTML, like Gecko) Version/4.0.4 Safari/531.21.10"
0:0:0:0:0:0:0:1%0 -  -  [08/Jan/2010:14:12:32 +0000] "GET /raffle/index.htm HTTP/1.1" 200 421 "-" "Mozilla/5.0 (Macintosh; U; Intel Mac OS X 10_6_2; en-us) AppleWebKit/531.21.8 (KHTML, like Gecko) Version/4.0.4 Safari/531.21.10"
0:0:0:0:0:0:0:1%0 -  -  [08/Jan/2010:14:12:34 +0000] "GET /raffle/css/raffle.css HTTP/1.1" 200 1833 "http://localhost:8080/raffle/index.htm" "Mozilla/5.0 (Macintosh; U; Intel Mac OS X 10_6_2; en-us) AppleWebKit/531.21.8 (KHTML, like Gecko) Version/4.0.4 Safari/531.21.10"
0:0:0:0:0:0:0:1%0 -  -  [08/Jan/2010:14:12:36 +0000] "POST /raffle/raffle.htm HTTP/1.1" 200 637 "http://localhost:8080/raffle/index.htm" "Mozilla/5.0 (Macintosh; U; Intel Mac OS X 10_6_2; en-us) AppleWebKit/531.21.8 (KHTML, like Gecko) Version/4.0.4 Safari/531.21.10"
0:0:0:0:0:0:0:1%0 -  -  [08/Jan/2010:14:12:36 +0000] "GET /raffle/css/raffle.css HTTP/1.1" 304 0 "http://localhost:8080/raffle/raffle.htm" "Mozilla/5.0 (Macintosh; U; Intel Mac OS X 10_6_2; en-us) AppleWebKit/531.21.8 (KHTML, like Gecko) Version/4.0.4 Safari/531.21.10"
0:0:0:0:0:0:0:1%0 -  -  [08/Jan/2010:14:12:50 +0000] "POST /raffle/entries.htm HTTP/1.1" 200 694 "http://localhost:8080/raffle/raffle.htm" "Mozilla/5.0 (Macintosh; U; Intel Mac OS X 10_6_2; en-us) AppleWebKit/531.21.8 (KHTML, like Gecko) Version/4.0.4 Safari/531.21.10"
0:0:0:0:0:0:0:1%0 -  -  [08/Jan/2010:14:12:50 +0000] "GET /raffle/css/raffle.css HTTP/1.1" 304 0 "http://localhost:8080/raffle/entries.htm" "Mozilla/5.0 (Macintosh; U; Intel Mac OS X 10_6_2; en-us) AppleWebKit/531.21.8 (KHTML, like Gecko) Version/4.0.4 Safari/531.21.10"
0:0:0:0:0:0:0:1%0 -  -  [08/Jan/2010:14:12:55 +0000] "GET /raffle/winners.htm HTTP/1.1" 200 531 "-" "Mozilla/5.0 (Macintosh; U; Intel Mac OS X 10_6_2; en-us) AppleWebKit/531.21.8 (KHTML, like Gecko) Version/4.0.4 Safari/531.21.10"
0:0:0:0:0:0:0:1%0 -  -  [08/Jan/2010:14:12:56 +0000] "GET /raffle/css/raffle.css HTTP/1.1" 304 0 "http://localhost:8080/raffle/winners.htm" "Mozilla/5.0 (Macintosh; U; Intel Mac OS X 10_6_2; en-us) AppleWebKit/531.21.8 (KHTML, like Gecko) Version/4.0.4 Safari/531.21.10"
0:0:0:0:0:0:0:1%0 -  -  [08/Jan/2010:14:14:04 +0000] "POST /raffle/winners.htm HTTP/1.1" 200 320 "http://localhost:8080/raffle/winners.htm" "Mozilla/5.0 (Macintosh; U; Intel Mac OS X 10_6_2; en-us) AppleWebKit/531.21.8 (KHTML, like Gecko) Version/4.0.4 Safari/531.21.10"
0:0:0:0:0:0:0:1%0 -  -  [08/Jan/2010:14:14:05 +0000] "GET /raffle/css/raffle.css HTTP/1.1" 304 0 "http://localhost:8080/raffle/winners.htm" "Mozilla/5.0 (Macintosh; U; Intel Mac OS X 10_6_2; en-us) AppleWebKit/531.21.8 (KHTML, like Gecko) Version/4.0.4 Safari/531.21.10"
0:0:0:0:0:0:0:1%0 -  -  [08/Jan/2010:14:41:46 +0000] "GET /raffle/winners.htm HTTP/1.1" 200 536 "-" "Mozilla/5.0 (Macintosh; U; Intel Mac OS X 10_6_2; en-us) AppleWebKit/531.21.8 (KHTML, like Gecko) Version/4.0.4 Safari/531.21.10"
0:0:0:0:0:0:0:1%0 -  -  [08/Jan/2010:14:41:48 +0000] "GET /raffle/css/raffle.css HTTP/1.1" 200 1833 "http://localhost:8080/raffle/winners.htm" "Mozilla/5.0 (Macintosh; U; Intel Mac OS X 10_6_2; en-us) AppleWebKit/531.21.8 (KHTML, like Gecko) Version/4.0.4 Safari/531.21.10"
0:0:0:0:0:0:0:1%0 -  -  [08/Jan/2010:14:42:00 +0000] "POST /raffle/winners.htm HTTP/1.1" 200 321 "http://localhost:8080/raffle/winners.htm" "Mozilla/5.0 (Macintosh; U; Intel Mac OS X 10_6_2; en-us) AppleWebKit/531.21.8 (KHTML, like Gecko) Version/4.0.4 Safari/531.21.10"
0:0:0:0:0:0:0:1%0 -  -  [08/Jan/2010:14:58:27 +0000] "GET /raffle/index.htm HTTP/1.1" 200 421 "-" "Mozilla/5.0 (Macintosh; U; Intel Mac OS X 10_6_2; en-us) AppleWebKit/531.21.8 (KHTML, like Gecko) Version/4.0.4 Safari/531.21.10"
0:0:0:0:0:0:0:1%0 -  -  [08/Jan/2010:14:58:28 +0000] "GET /raffle/css/raffle.css HTTP/1.1" 200 1833 "http://localhost:8080/raffle/index.htm" "Mozilla/5.0 (Macintosh; U; Intel Mac OS X 10_6_2; en-us) AppleWebKit/531.21.8 (KHTML, like Gecko) Version/4.0.4 Safari/531.21.10"
0:0:0:0:0:0:0:1%0 -  -  [08/Jan/2010:14:58:32 +0000] "POST /raffle/raffle.htm HTTP/1.1" 200 637 "http://localhost:8080/raffle/index.htm" "Mozilla/5.0 (Macintosh; U; Intel Mac OS X 10_6_2; en-us) AppleWebKit/531.21.8 (KHTML, like Gecko) Version/4.0.4 Safari/531.21.10"
0:0:0:0:0:0:0:1%0 -  -  [08/Jan/2010:14:58:43 +0000] "POST /raffle/entries.htm HTTP/1.1" 200 694 "http://localhost:8080/raffle/raffle.htm" "Mozilla/5.0 (Macintosh; U; Intel Mac OS X 10_6_2; en-us) AppleWebKit/531.21.8 (KHTML, like Gecko) Version/4.0.4 Safari/531.21.10"
0:0:0:0:0:0:0:1%0 -  -  [08/Jan/2010:14:58:49 +0000] "GET /raffle/winners.htm HTTP/1.1" 200 575 "-" "Mozilla/5.0 (Macintosh; U; Intel Mac OS X 10_6_2; en-us) AppleWebKit/531.21.8 (KHTML, like Gecko) Version/4.0.4 Safari/531.21.10"
0:0:0:0:0:0:0:1%0 -  -  [08/Jan/2010:14:58:57 +0000] "POST /raffle/winners.htm HTTP/1.1" 200 329 "http://localhost:8080/raffle/winners.htm" "Mozilla/5.0 (Macintosh; U; Intel Mac OS X 10_6_2; en-us) AppleWebKit/531.21.8 (KHTML, like Gecko) Version/4.0.4 Safari/531.21.10"
